 (DL) gachiemchiep@Home:~/workspace/DL/chainer_tutorial/001_cifar10$ python train.py 
GPU: 0
# Minibatch-size: 256
# epoch: 100

epoch       main/loss   main/accuracy  validation/main/loss  validation/main/accuracy  elapsed_time
1           4.75682     0.013931       4.6193                0.0102041                 42.9654       
2           4.53107     0.0192708      5.09982               0.0106545                 97.47         
3           4.2975      0.0276442      4.84986               0.0121413                 149.041       
4           4.17519     0.0332828      4.88918               0.0175502                 201.665       
5           4.0524      0.04375        4.65173               0.0271923                 253.36        
6           3.89592     0.0627404      4.56241               0.0416813                 305.208       
7           3.70411     0.0860372      3.907                 0.0756298                 357.253       
8           3.53105     0.110317       4.36814               0.0720026                 409.869       
9           3.32736     0.144952       3.26883               0.161141                  461.382       
10          3.12288     0.181521       3.2591                0.179209                  513.593       
11          2.93936     0.220052       3.23687               0.196759                  565.25        
12          2.78672     0.251883       3.00234               0.232805                  617.071       
13          2.65634     0.28123        2.99047               0.248924                  668.784       
14          2.54377     0.308113       2.68248               0.2933                    720.708       
15          2.46089     0.32504        2.83377               0.284379                  772.109       
16          2.36603     0.350381       2.69155               0.31083                   823.644       
17          2.2807      0.366012       2.11641               0.406134                  875.067       
18          2.20045     0.388281       2.4471                0.357944                  926.469       
19          2.13034     0.409235       2.14502               0.414134                  978.089       
20          2.04497     0.430066       2.04069               0.437456                  1029.48       
21          1.99294     0.441346       1.98651               0.456756                  1081.17       
22          1.93655     0.458173       1.81746               0.482091                  1132.42       
23          1.88275     0.475466       1.73903               0.503265                  1184.26       
24          1.8189      0.492869       1.87009               0.485898                  1235.22       
25          1.77905     0.499299       1.63941               0.540019                  1286.29       
26          1.54542     0.560427       1.29084               0.620257                  1337.11       
27          1.45804     0.585036       1.32892               0.613692                  1387.79       
28          1.41897     0.594371       1.19699               0.650506                  1438.84       
29          1.38336     0.602918       1.285                 0.632418                  1490.4        
30          1.35608     0.611158       1.16485               0.65523                   1541.37       
31          1.33213     0.620713       1.18981               0.656517                  1592.22       
32          1.30121     0.627564       1.22928               0.649896                  1643.45       
33          1.29185     0.63062        1.26786               0.651056                  1697.18       
34          1.26054     0.640164       1.09954               0.683486                  1750.72       
35          1.25702     0.640365       0.977886              0.708291                  1804.39       
36          1.233       0.647561       1.16335               0.668642                  1858.73       
37          1.20989     0.65599        1.09923               0.683538                  1912.14       
38          1.18168     0.663121       1.35001               0.636834                  1965.57       
39          1.17437     0.664401       0.911751              0.731597                  2019.23       
40          1.16212     0.670753       0.992346              0.709331                  2072.96       
41          1.15049     0.673417       0.917858              0.732761                  2126.58       
42          1.11993     0.679568       1.22655               0.661296                  2179.87       
43          1.11441     0.683153       0.972023              0.719284                  2232.93       
44          1.1056      0.685597       1.01801               0.71181                   2285.53       
45          1.08709     0.691028       0.902459              0.741578                  2339.06       
46          1.07054     0.695633       0.92956               0.730082                  2391.44       
47          1.06378     0.70014        0.825892              0.75857                   2443.1        
48          1.04417     0.704527       0.775626              0.773549                  2494.53       
49          1.03871     0.704879       0.777332              0.769651                  2546.11       
50          1.00826     0.715124       0.998752              0.715529                  2597.66       
51          0.831404    0.762019       0.537758              0.837436                  2655.7        
52          0.74793     0.783562       0.376483              0.884758                  2707.91       
53          0.715614    0.792107       0.389891              0.882701                  2759.2        
54          0.685596    0.798938       0.360856              0.88968                   2811.18       
55          0.68172     0.800403       0.53419               0.846727                  2864.47       
56          0.679406    0.802644       0.397341              0.879672                  2915.76       
57          0.667876    0.806551       0.353061              0.892777                  2967.66       
58          0.658377    0.808195       0.383753              0.88414                   3019.91       
59          0.653736    0.808894       0.332006              0.899063                  3071.93       
60          0.648137    0.810817       0.415978              0.876056                  3124.17       
61          0.636526    0.813895       0.346501              0.894902                  3176.14       
62          0.64201     0.814884       0.379468              0.883821                  3228.19       
63          0.625228    0.819611       0.391498              0.882107                  3279.45       
64          0.630471    0.815765       0.628114              0.829377                  3330.46       
65          0.614699    0.820412       0.390337              0.884048                  3381.76       
66          0.610975    0.823498       0.272507              0.918531                  3433.43       
67          0.605048    0.82504        0.339712              0.895914                  3485.12       
68          0.610211    0.822604       0.351168              0.896568                  3535.73       
69          0.606011    0.824038       0.380856              0.885985                  3587.22       
70          0.593971    0.828305       0.288657              0.914593                  3640.48       
71          0.58045     0.831095       0.267129              0.918846                  3692.26       
72          0.581556    0.832672       0.315025              0.909144                  3744.28       
73          0.585103    0.832772       0.322623              0.907259                  3795.25       
74          0.582925    0.831513       0.315019              0.90847                   3846.89       
75          0.581746    0.832051       0.331312              0.903544                  3899.37       
76          0.46226     0.867147       0.177994              0.948824                  3951.22       
77          0.392162    0.886161       0.140075              0.960256                  4003.11       
78          0.372758    0.892388       0.149129              0.957342                  4054.56       
79          0.355109    0.897796       0.111636              0.969723                  4106.37       
80          0.347663    0.899659       0.10017               0.973123                  4157.28       
81          0.337843    0.901128       0.0926624             0.974127                  4208.42       
82          0.331996    0.904868       0.114572              0.96702                   4259.36       
83          0.32783     0.906671       0.0991477             0.97221                   4310.62       
84          0.323129    0.906768       0.0952621             0.974167                  4362.22       
85          0.327632    0.904307       0.0844751             0.97732                   4412.75       
86          0.311407    0.910096       0.0835588             0.977152                  4464.13       
87          0.316859    0.90902        0.0939771             0.973071                  4515.1        
88          0.319115    0.907171       0.094099              0.973673                  4566.07       
89          0.30377     0.91272        0.073487              0.979424                  4617.4        
90          0.304274    0.911611       0.0809644             0.977117                  4669.57       
91          0.302828    0.913441       0.0761634             0.978575                  4720.6        
92          0.296298    0.915845       0.0908696             0.975187                  4770.81       
93          0.305228    0.912687       0.106689              0.970894                  4821.55       
94          0.301032    0.913401       0.0823295             0.977316                  4872.63       
95          0.305477    0.913401       0.104126              0.970954                  4924.46       
96          0.300989    0.913141       0.0757451             0.978544                  4976.34       
97          0.294994    0.916354       0.0648193             0.982541                  5027.76       
98          0.299909    0.913722       0.0782088             0.979504                  5078.4        
99          0.29348     0.916086       0.0673875             0.981704                  5129.11       
100         0.293046    0.915816       0.0871549             0.974964                  5180.25   
